[1127/001733.138:ERROR:process_reader_win.cc(151)] SuspendThread: Отказано в доступе. (0x5)
[1127/001733.139:ERROR:process_reader_win.cc(151)] SuspendThread: Отказано в доступе. (0x5)
[1127/001733.139:ERROR:process_reader_win.cc(151)] SuspendThread: Отказано в доступе. (0x5)
[1127/001733.140:ERROR:process_reader_win.cc(151)] SuspendThread: Отказано в доступе. (0x5)
[1127/001733.140:ERROR:process_reader_win.cc(123)] NtOpenThread: {Отказано в доступе} Процесс запросил доступ к объекту, но права на доступ не предоставлены. (0xc0000022)
[1127/001733.140:ERROR:exception_snapshot_win.cc(98)] thread ID 13944 not found in process
[1127/001825.762:ERROR:process_reader_win.cc(151)] SuspendThread: Отказано в доступе. (0x5)
[1127/001825.764:ERROR:process_reader_win.cc(151)] SuspendThread: Отказано в доступе. (0x5)
[1127/001825.765:ERROR:process_reader_win.cc(151)] SuspendThread: Отказано в доступе. (0x5)
[1127/001825.765:ERROR:process_reader_win.cc(151)] SuspendThread: Отказано в доступе. (0x5)
[1127/001825.765:ERROR:process_reader_win.cc(123)] NtOpenThread: {Отказано в доступе} Процесс запросил доступ к объекту, но права на доступ не предоставлены. (0xc0000022)
[1127/001825.766:ERROR:exception_snapshot_win.cc(98)] thread ID 21120 not found in process
[1127/001924.326:ERROR:process_reader_win.cc(151)] SuspendThread: Отказано в доступе. (0x5)
[1127/001924.327:ERROR:process_reader_win.cc(151)] SuspendThread: Отказано в доступе. (0x5)
[1127/001924.327:ERROR:process_reader_win.cc(151)] SuspendThread: Отказано в доступе. (0x5)
[1127/001924.327:ERROR:process_reader_win.cc(151)] SuspendThread: Отказано в доступе. (0x5)
[1127/001924.327:ERROR:process_reader_win.cc(123)] NtOpenThread: {Отказано в доступе} Процесс запросил доступ к объекту, но права на доступ не предоставлены. (0xc0000022)
[1127/001924.327:ERROR:exception_snapshot_win.cc(98)] thread ID 20904 not found in process
[1127/001955.426:ERROR:process_reader_win.cc(151)] SuspendThread: Отказано в доступе. (0x5)
[1127/001955.427:ERROR:process_reader_win.cc(123)] NtOpenThread: {Отказано в доступе} Процесс запросил доступ к объекту, но права на доступ не предоставлены. (0xc0000022)
[1127/001955.427:ERROR:exception_snapshot_win.cc(98)] thread ID 17180 not found in process
[1127/002044.453:ERROR:process_reader_win.cc(151)] SuspendThread: Отказано в доступе. (0x5)
[1127/002044.455:ERROR:process_reader_win.cc(123)] NtOpenThread: {Отказано в доступе} Процесс запросил доступ к объекту, но права на доступ не предоставлены. (0xc0000022)
[1127/002044.455:ERROR:exception_snapshot_win.cc(98)] thread ID 15340 not found in process
[1127/002611.826:ERROR:process_reader_win.cc(151)] SuspendThread: Отказано в доступе. (0x5)
[1127/002611.827:ERROR:process_reader_win.cc(151)] SuspendThread: Отказано в доступе. (0x5)
[1127/002611.827:ERROR:process_reader_win.cc(151)] SuspendThread: Отказано в доступе. (0x5)
[1127/002611.827:ERROR:process_reader_win.cc(123)] NtOpenThread: {Отказано в доступе} Процесс запросил доступ к объекту, но права на доступ не предоставлены. (0xc0000022)
[1127/002611.827:ERROR:exception_snapshot_win.cc(98)] thread ID 6484 not found in process
[1127/002701.987:ERROR:process_reader_win.cc(151)] SuspendThread: Отказано в доступе. (0x5)
[1127/002701.988:ERROR:process_reader_win.cc(151)] SuspendThread: Отказано в доступе. (0x5)
[1127/002701.988:ERROR:process_reader_win.cc(123)] NtOpenThread: {Отказано в доступе} Процесс запросил доступ к объекту, но права на доступ не предоставлены. (0xc0000022)
[1127/002701.988:ERROR:exception_snapshot_win.cc(98)] thread ID 10400 not found in process
[1127/002727.439:ERROR:process_reader_win.cc(151)] SuspendThread: Отказано в доступе. (0x5)
[1127/002727.440:ERROR:process_reader_win.cc(151)] SuspendThread: Отказано в доступе. (0x5)
[1127/002727.440:ERROR:process_reader_win.cc(151)] SuspendThread: Отказано в доступе. (0x5)
[1127/002727.440:ERROR:process_reader_win.cc(123)] NtOpenThread: {Отказано в доступе} Процесс запросил доступ к объекту, но права на доступ не предоставлены. (0xc0000022)
[1127/002727.441:ERROR:exception_snapshot_win.cc(98)] thread ID 20904 not found in process
[1127/002810.220:ERROR:process_reader_win.cc(123)] NtOpenThread: {Отказано в доступе} Процесс запросил доступ к объекту, но права на доступ не предоставлены. (0xc0000022)
[1127/002810.221:ERROR:exception_snapshot_win.cc(98)] thread ID 16940 not found in process
[1127/002850.459:ERROR:process_reader_win.cc(151)] SuspendThread: Отказано в доступе. (0x5)
[1127/002850.460:ERROR:process_reader_win.cc(151)] SuspendThread: Отказано в доступе. (0x5)
[1127/002850.460:ERROR:process_reader_win.cc(151)] SuspendThread: Отказано в доступе. (0x5)
[1127/002850.460:ERROR:process_reader_win.cc(151)] SuspendThread: Отказано в доступе. (0x5)
[1127/002850.460:ERROR:process_reader_win.cc(123)] NtOpenThread: {Отказано в доступе} Процесс запросил доступ к объекту, но права на доступ не предоставлены. (0xc0000022)
[1127/002850.460:ERROR:exception_snapshot_win.cc(98)] thread ID 20248 not found in process
[1127/003122.262:ERROR:process_reader_win.cc(151)] SuspendThread: Отказано в доступе. (0x5)
[1127/003122.263:ERROR:process_reader_win.cc(151)] SuspendThread: Отказано в доступе. (0x5)
[1127/003122.263:ERROR:process_reader_win.cc(123)] NtOpenThread: {Отказано в доступе} Процесс запросил доступ к объекту, но права на доступ не предоставлены. (0xc0000022)
[1127/003122.263:ERROR:exception_snapshot_win.cc(98)] thread ID 1404 not found in process
[1127/003248.341:ERROR:process_reader_win.cc(123)] NtOpenThread: {Отказано в доступе} Процесс запросил доступ к объекту, но права на доступ не предоставлены. (0xc0000022)
[1127/003248.342:ERROR:exception_snapshot_win.cc(98)] thread ID 21396 not found in process
[1127/005122.775:ERROR:process_reader_win.cc(123)] NtOpenThread: {Отказано в доступе} Процесс запросил доступ к объекту, но права на доступ не предоставлены. (0xc0000022)
[1127/005122.776:ERROR:exception_snapshot_win.cc(98)] thread ID 8360 not found in process
[1127/005311.591:ERROR:process_reader_win.cc(151)] SuspendThread: Отказано в доступе. (0x5)
[1127/005311.592:ERROR:process_reader_win.cc(151)] SuspendThread: Отказано в доступе. (0x5)
[1127/005311.592:ERROR:process_reader_win.cc(151)] SuspendThread: Отказано в доступе. (0x5)
[1127/005311.592:ERROR:process_reader_win.cc(123)] NtOpenThread: {Отказано в доступе} Процесс запросил доступ к объекту, но права на доступ не предоставлены. (0xc0000022)
[1127/005311.592:ERROR:exception_snapshot_win.cc(98)] thread ID 13992 not found in process
[1127/005335.539:ERROR:process_reader_win.cc(151)] SuspendThread: Отказано в доступе. (0x5)
[1127/005335.539:ERROR:process_reader_win.cc(151)] SuspendThread: Отказано в доступе. (0x5)
[1127/005335.539:ERROR:process_reader_win.cc(151)] SuspendThread: Отказано в доступе. (0x5)
[1127/005335.539:ERROR:process_reader_win.cc(151)] SuspendThread: Отказано в доступе. (0x5)
[1127/005335.539:ERROR:process_reader_win.cc(123)] NtOpenThread: {Отказано в доступе} Процесс запросил доступ к объекту, но права на доступ не предоставлены. (0xc0000022)
[1127/005335.540:ERROR:exception_snapshot_win.cc(98)] thread ID 8176 not found in process
[1127/005756.526:ERROR:process_reader_win.cc(151)] SuspendThread: Отказано в доступе. (0x5)
[1127/005756.527:ERROR:process_reader_win.cc(151)] SuspendThread: Отказано в доступе. (0x5)
[1127/005756.527:ERROR:process_reader_win.cc(151)] SuspendThread: Отказано в доступе. (0x5)
[1127/005756.527:ERROR:process_reader_win.cc(151)] SuspendThread: Отказано в доступе. (0x5)
[1127/005756.527:ERROR:process_reader_win.cc(151)] SuspendThread: Отказано в доступе. (0x5)
[1127/005756.527:ERROR:process_reader_win.cc(151)] SuspendThread: Отказано в доступе. (0x5)
[1127/005756.527:ERROR:process_reader_win.cc(151)] SuspendThread: Отказано в доступе. (0x5)
[1127/005756.527:ERROR:process_reader_win.cc(151)] SuspendThread: Отказано в доступе. (0x5)
[1127/005756.527:ERROR:process_reader_win.cc(151)] SuspendThread: Отказано в доступе. (0x5)
[1127/005756.527:ERROR:process_reader_win.cc(151)] SuspendThread: Отказано в доступе. (0x5)
[1127/005756.527:ERROR:process_reader_win.cc(151)] SuspendThread: Отказано в доступе. (0x5)
[1127/005756.527:ERROR:process_reader_win.cc(151)] SuspendThread: Отказано в доступе. (0x5)
[1127/005756.527:ERROR:process_reader_win.cc(151)] SuspendThread: Отказано в доступе. (0x5)
[1127/005756.527:ERROR:process_reader_win.cc(151)] SuspendThread: Отказано в доступе. (0x5)
[1127/005756.527:ERROR:process_reader_win.cc(151)] SuspendThread: Отказано в доступе. (0x5)
[1127/005756.527:ERROR:process_reader_win.cc(151)] SuspendThread: Отказано в доступе. (0x5)
[1127/005756.527:ERROR:process_reader_win.cc(151)] SuspendThread: Отказано в доступе. (0x5)
[1127/005756.527:ERROR:process_reader_win.cc(151)] SuspendThread: Отказано в доступе. (0x5)
[1127/005756.527:ERROR:process_reader_win.cc(151)] SuspendThread: Отказано в доступе. (0x5)
[1127/005756.527:ERROR:process_reader_win.cc(151)] SuspendThread: Отказано в доступе. (0x5)
[1127/005756.527:ERROR:process_reader_win.cc(151)] SuspendThread: Отказано в доступе. (0x5)
[1127/005756.527:ERROR:process_reader_win.cc(151)] SuspendThread: Отказано в доступе. (0x5)
[1127/005756.527:ERROR:process_reader_win.cc(151)] SuspendThread: Отказано в доступе. (0x5)
[1127/005756.527:ERROR:process_reader_win.cc(151)] SuspendThread: Отказано в доступе. (0x5)
[1127/005756.527:ERROR:process_reader_win.cc(151)] SuspendThread: Отказано в доступе. (0x5)
[1127/005756.527:ERROR:process_reader_win.cc(151)] SuspendThread: Отказано в доступе. (0x5)
[1127/005756.528:ERROR:process_reader_win.cc(151)] SuspendThread: Отказано в доступе. (0x5)
[1127/005756.528:ERROR:process_reader_win.cc(151)] SuspendThread: Отказано в доступе. (0x5)
[1127/005756.528:ERROR:process_reader_win.cc(151)] SuspendThread: Отказано в доступе. (0x5)
[1127/005756.528:ERROR:process_reader_win.cc(123)] NtOpenThread: {Отказано в доступе} Процесс запросил доступ к объекту, но права на доступ не предоставлены. (0xc0000022)
[1127/005756.528:ERROR:exception_snapshot_win.cc(98)] thread ID 4968 not found in process
[1127/005756.559:ERROR:process_reader_win.cc(123)] NtOpenThread: {Отказано в доступе} Процесс запросил доступ к объекту, но права на доступ не предоставлены. (0xc0000022)
[1127/005756.560:ERROR:exception_snapshot_win.cc(98)] thread ID 19932 not found in process
[1127/005951.098:ERROR:process_reader_win.cc(151)] SuspendThread: Отказано в доступе. (0x5)
[1127/005951.099:ERROR:process_reader_win.cc(151)] SuspendThread: Отказано в доступе. (0x5)
[1127/005951.099:ERROR:process_reader_win.cc(151)] SuspendThread: Отказано в доступе. (0x5)
[1127/005951.099:ERROR:process_reader_win.cc(151)] SuspendThread: Отказано в доступе. (0x5)
[1127/005951.099:ERROR:process_reader_win.cc(123)] NtOpenThread: {Отказано в доступе} Процесс запросил доступ к объекту, но права на доступ не предоставлены. (0xc0000022)
[1127/005951.099:ERROR:exception_snapshot_win.cc(98)] thread ID 21192 not found in process
[1127/010356.515:ERROR:process_reader_win.cc(123)] NtOpenThread: {Отказано в доступе} Процесс запросил доступ к объекту, но права на доступ не предоставлены. (0xc0000022)
[1127/010356.516:ERROR:exception_snapshot_win.cc(98)] thread ID 14120 not found in process
[1127/010428.667:ERROR:process_reader_win.cc(151)] SuspendThread: Отказано в доступе. (0x5)
[1127/010428.668:ERROR:process_reader_win.cc(151)] SuspendThread: Отказано в доступе. (0x5)
[1127/010428.668:ERROR:process_reader_win.cc(151)] SuspendThread: Отказано в доступе. (0x5)
[1127/010428.668:ERROR:process_reader_win.cc(151)] SuspendThread: Отказано в доступе. (0x5)
[1127/010428.668:ERROR:process_reader_win.cc(123)] NtOpenThread: {Отказано в доступе} Процесс запросил доступ к объекту, но права на доступ не предоставлены. (0xc0000022)
[1127/010428.668:ERROR:exception_snapshot_win.cc(98)] thread ID 21216 not found in process
[1127/010610.783:ERROR:process_reader_win.cc(151)] SuspendThread: Отказано в доступе. (0x5)
[1127/010610.784:ERROR:process_reader_win.cc(151)] SuspendThread: Отказано в доступе. (0x5)
[1127/010610.784:ERROR:process_reader_win.cc(151)] SuspendThread: Отказано в доступе. (0x5)
[1127/010610.784:ERROR:process_reader_win.cc(151)] SuspendThread: Отказано в доступе. (0x5)
[1127/010610.784:ERROR:process_reader_win.cc(123)] NtOpenThread: {Отказано в доступе} Процесс запросил доступ к объекту, но права на доступ не предоставлены. (0xc0000022)
[1127/010610.785:ERROR:exception_snapshot_win.cc(98)] thread ID 14544 not found in process
[1127/010654.279:ERROR:process_reader_win.cc(123)] NtOpenThread: {Отказано в доступе} Процесс запросил доступ к объекту, но права на доступ не предоставлены. (0xc0000022)
[1127/010654.280:ERROR:exception_snapshot_win.cc(98)] thread ID 9720 not found in process
[1127/010728.750:ERROR:process_reader_win.cc(123)] NtOpenThread: {Отказано в доступе} Процесс запросил доступ к объекту, но права на доступ не предоставлены. (0xc0000022)
[1127/010728.751:ERROR:exception_snapshot_win.cc(98)] thread ID 12888 not found in process
[1127/224212.649:ERROR:process_reader_win.cc(151)] SuspendThread: Отказано в доступе. (0x5)
[1127/224212.650:ERROR:process_reader_win.cc(151)] SuspendThread: Отказано в доступе. (0x5)
[1127/224212.650:ERROR:process_reader_win.cc(151)] SuspendThread: Отказано в доступе. (0x5)
[1127/224212.650:ERROR:process_reader_win.cc(123)] NtOpenThread: {Отказано в доступе} Процесс запросил доступ к объекту, но права на доступ не предоставлены. (0xc0000022)
[1127/224212.650:ERROR:exception_snapshot_win.cc(98)] thread ID 6080 not found in process
[1127/225003.580:ERROR:process_reader_win.cc(123)] NtOpenThread: {Отказано в доступе} Процесс запросил доступ к объекту, но права на доступ не предоставлены. (0xc0000022)
[1127/225003.581:ERROR:exception_snapshot_win.cc(98)] thread ID 17136 not found in process
[1127/225933.812:ERROR:process_reader_win.cc(151)] SuspendThread: Отказано в доступе. (0x5)
[1127/225933.812:ERROR:process_reader_win.cc(151)] SuspendThread: Отказано в доступе. (0x5)
[1127/225933.812:ERROR:process_reader_win.cc(151)] SuspendThread: Отказано в доступе. (0x5)
[1127/225933.812:ERROR:process_reader_win.cc(151)] SuspendThread: Отказано в доступе. (0x5)
[1127/225933.812:ERROR:process_reader_win.cc(123)] NtOpenThread: {Отказано в доступе} Процесс запросил доступ к объекту, но права на доступ не предоставлены. (0xc0000022)
[1127/225933.813:ERROR:exception_snapshot_win.cc(98)] thread ID 2364 not found in process
[0226/013028.873:ERROR:process_reader_win.cc(151)] SuspendThread: Отказано в доступе. (0x5)
[0226/013028.877:ERROR:process_reader_win.cc(123)] NtOpenThread: {Отказано в доступе} Процесс запросил доступ к объекту, но права на доступ не предоставлены. (0xc0000022)
[0226/013028.877:ERROR:exception_snapshot_win.cc(98)] thread ID 14284 not found in process
[0226/013028.915:ERROR:process_reader_win.cc(151)] SuspendThread: Отказано в доступе. (0x5)
[0226/013028.915:ERROR:process_reader_win.cc(151)] SuspendThread: Отказано в доступе. (0x5)
[0226/013028.915:ERROR:process_reader_win.cc(151)] SuspendThread: Отказано в доступе. (0x5)
[0226/013028.915:ERROR:process_reader_win.cc(151)] SuspendThread: Отказано в доступе. (0x5)
[0226/013028.915:ERROR:process_reader_win.cc(151)] SuspendThread: Отказано в доступе. (0x5)
[0226/013028.915:ERROR:process_reader_win.cc(151)] SuspendThread: Отказано в доступе. (0x5)
[0226/013028.915:ERROR:process_reader_win.cc(151)] SuspendThread: Отказано в доступе. (0x5)
[0226/013028.915:ERROR:process_reader_win.cc(151)] SuspendThread: Отказано в доступе. (0x5)
[0226/013028.916:ERROR:process_reader_win.cc(151)] SuspendThread: Отказано в доступе. (0x5)
[0226/013028.916:ERROR:process_reader_win.cc(151)] SuspendThread: Отказано в доступе. (0x5)
[0226/013028.916:ERROR:process_reader_win.cc(151)] SuspendThread: Отказано в доступе. (0x5)
[0226/013028.916:ERROR:process_reader_win.cc(151)] SuspendThread: Отказано в доступе. (0x5)
[0226/013028.916:ERROR:process_reader_win.cc(151)] SuspendThread: Отказано в доступе. (0x5)
[0226/013028.916:ERROR:process_reader_win.cc(151)] SuspendThread: Отказано в доступе. (0x5)
[0226/013028.916:ERROR:process_reader_win.cc(151)] SuspendThread: Отказано в доступе. (0x5)
[0226/013028.916:ERROR:process_reader_win.cc(151)] SuspendThread: Отказано в доступе. (0x5)
[0226/013028.916:ERROR:process_reader_win.cc(151)] SuspendThread: Отказано в доступе. (0x5)
[0226/013028.916:ERROR:process_reader_win.cc(151)] SuspendThread: Отказано в доступе. (0x5)
[0226/013028.916:ERROR:process_reader_win.cc(151)] SuspendThread: Отказано в доступе. (0x5)
[0226/013028.916:ERROR:process_reader_win.cc(151)] SuspendThread: Отказано в доступе. (0x5)
[0226/013028.916:ERROR:process_reader_win.cc(151)] SuspendThread: Отказано в доступе. (0x5)
[0226/013028.916:ERROR:process_reader_win.cc(151)] SuspendThread: Отказано в доступе. (0x5)
[0226/013028.916:ERROR:process_reader_win.cc(151)] SuspendThread: Отказано в доступе. (0x5)
[0226/013028.916:ERROR:process_reader_win.cc(151)] SuspendThread: Отказано в доступе. (0x5)
[0226/013028.916:ERROR:process_reader_win.cc(151)] SuspendThread: Отказано в доступе. (0x5)
[0226/013028.916:ERROR:process_reader_win.cc(151)] SuspendThread: Отказано в доступе. (0x5)
[0226/013028.916:ERROR:process_reader_win.cc(151)] SuspendThread: Отказано в доступе. (0x5)
[0226/013028.916:ERROR:process_reader_win.cc(123)] NtOpenThread: {Отказано в доступе} Процесс запросил доступ к объекту, но права на доступ не предоставлены. (0xc0000022)
[0226/013028.916:ERROR:exception_snapshot_win.cc(98)] thread ID 8680 not found in process
[0226/212549.054:ERROR:process_reader_win.cc(123)] NtOpenThread: {Отказано в доступе} Процесс запросил доступ к объекту, но права на доступ не предоставлены. (0xc0000022)
[0226/212549.055:ERROR:exception_snapshot_win.cc(98)] thread ID 2832 not found in process
[0226/212549.084:ERROR:process_reader_win.cc(123)] NtOpenThread: {Отказано в доступе} Процесс запросил доступ к объекту, но права на доступ не предоставлены. (0xc0000022)
[0226/212549.084:ERROR:exception_snapshot_win.cc(98)] thread ID 16176 not found in process
[0226/212718.910:ERROR:process_reader_win.cc(123)] NtOpenThread: {Отказано в доступе} Процесс запросил доступ к объекту, но права на доступ не предоставлены. (0xc0000022)
[0226/212718.911:ERROR:exception_snapshot_win.cc(98)] thread ID 19832 not found in process
[0226/212718.947:ERROR:process_reader_win.cc(151)] SuspendThread: Отказано в доступе. (0x5)
[0226/212718.948:ERROR:process_reader_win.cc(151)] SuspendThread: Отказано в доступе. (0x5)
[0226/212718.948:ERROR:process_reader_win.cc(151)] SuspendThread: Отказано в доступе. (0x5)
[0226/212718.948:ERROR:process_reader_win.cc(151)] SuspendThread: Отказано в доступе. (0x5)
[0226/212718.948:ERROR:process_reader_win.cc(151)] SuspendThread: Отказано в доступе. (0x5)
[0226/212718.948:ERROR:process_reader_win.cc(151)] SuspendThread: Отказано в доступе. (0x5)
[0226/212718.948:ERROR:process_reader_win.cc(151)] SuspendThread: Отказано в доступе. (0x5)
[0226/212718.948:ERROR:process_reader_win.cc(151)] SuspendThread: Отказано в доступе. (0x5)
[0226/212718.948:ERROR:process_reader_win.cc(151)] SuspendThread: Отказано в доступе. (0x5)
[0226/212718.948:ERROR:process_reader_win.cc(151)] SuspendThread: Отказано в доступе. (0x5)
[0226/212718.948:ERROR:process_reader_win.cc(151)] SuspendThread: Отказано в доступе. (0x5)
[0226/212718.948:ERROR:process_reader_win.cc(151)] SuspendThread: Отказано в доступе. (0x5)
[0226/212718.948:ERROR:process_reader_win.cc(151)] SuspendThread: Отказано в доступе. (0x5)
[0226/212718.948:ERROR:process_reader_win.cc(151)] SuspendThread: Отказано в доступе. (0x5)
[0226/212718.948:ERROR:process_reader_win.cc(151)] SuspendThread: Отказано в доступе. (0x5)
[0226/212718.948:ERROR:process_reader_win.cc(151)] SuspendThread: Отказано в доступе. (0x5)
[0226/212718.948:ERROR:process_reader_win.cc(151)] SuspendThread: Отказано в доступе. (0x5)
[0226/212718.948:ERROR:process_reader_win.cc(151)] SuspendThread: Отказано в доступе. (0x5)
[0226/212718.948:ERROR:process_reader_win.cc(151)] SuspendThread: Отказано в доступе. (0x5)
[0226/212718.948:ERROR:process_reader_win.cc(151)] SuspendThread: Отказано в доступе. (0x5)
[0226/212718.948:ERROR:process_reader_win.cc(151)] SuspendThread: Отказано в доступе. (0x5)
[0226/212718.948:ERROR:process_reader_win.cc(151)] SuspendThread: Отказано в доступе. (0x5)
[0226/212718.948:ERROR:process_reader_win.cc(151)] SuspendThread: Отказано в доступе. (0x5)
[0226/212718.948:ERROR:process_reader_win.cc(151)] SuspendThread: Отказано в доступе. (0x5)
[0226/212718.948:ERROR:process_reader_win.cc(151)] SuspendThread: Отказано в доступе. (0x5)
[0226/212718.948:ERROR:process_reader_win.cc(151)] SuspendThread: Отказано в доступе. (0x5)
[0226/212718.948:ERROR:process_reader_win.cc(123)] NtOpenThread: {Отказано в доступе} Процесс запросил доступ к объекту, но права на доступ не предоставлены. (0xc0000022)
[0226/212718.948:ERROR:exception_snapshot_win.cc(98)] thread ID 17832 not found in process
[0226/212955.215:ERROR:process_reader_win.cc(123)] NtOpenThread: {Отказано в доступе} Процесс запросил доступ к объекту, но права на доступ не предоставлены. (0xc0000022)
[0226/212955.216:ERROR:exception_snapshot_win.cc(98)] thread ID 5472 not found in process
[0226/212955.249:ERROR:process_reader_win.cc(151)] SuspendThread: Отказано в доступе. (0x5)
[0226/212955.249:ERROR:process_reader_win.cc(151)] SuspendThread: Отказано в доступе. (0x5)
[0226/212955.249:ERROR:process_reader_win.cc(151)] SuspendThread: Отказано в доступе. (0x5)
[0226/212955.249:ERROR:process_reader_win.cc(151)] SuspendThread: Отказано в доступе. (0x5)
[0226/212955.249:ERROR:process_reader_win.cc(151)] SuspendThread: Отказано в доступе. (0x5)
[0226/212955.249:ERROR:process_reader_win.cc(151)] SuspendThread: Отказано в доступе. (0x5)
[0226/212955.250:ERROR:process_reader_win.cc(151)] SuspendThread: Отказано в доступе. (0x5)
[0226/212955.250:ERROR:process_reader_win.cc(151)] SuspendThread: Отказано в доступе. (0x5)
[0226/212955.250:ERROR:process_reader_win.cc(123)] NtOpenThread: Указан неверный код клиента. (0xc000000b)
[0226/212955.250:ERROR:process_reader_win.cc(151)] SuspendThread: Отказано в доступе. (0x5)
[0226/212955.250:ERROR:process_reader_win.cc(151)] SuspendThread: Отказано в доступе. (0x5)
[0226/212955.250:ERROR:process_reader_win.cc(151)] SuspendThread: Отказано в доступе. (0x5)
[0226/212955.250:ERROR:process_reader_win.cc(123)] NtOpenThread: {Отказано в доступе} Процесс запросил доступ к объекту, но права на доступ не предоставлены. (0xc0000022)
[0226/212955.250:ERROR:exception_snapshot_win.cc(98)] thread ID 15928 not found in process
[0226/220246.964:ERROR:process_reader_win.cc(123)] NtOpenThread: {Отказано в доступе} Процесс запросил доступ к объекту, но права на доступ не предоставлены. (0xc0000022)
[0226/220246.966:ERROR:exception_snapshot_win.cc(98)] thread ID 13732 not found in process
[0226/220246.997:ERROR:process_reader_win.cc(151)] SuspendThread: Отказано в доступе. (0x5)
[0226/220246.997:ERROR:process_reader_win.cc(151)] SuspendThread: Отказано в доступе. (0x5)
[0226/220246.997:ERROR:process_reader_win.cc(151)] SuspendThread: Отказано в доступе. (0x5)
[0226/220246.997:ERROR:process_reader_win.cc(151)] SuspendThread: Отказано в доступе. (0x5)
[0226/220246.997:ERROR:process_reader_win.cc(151)] SuspendThread: Отказано в доступе. (0x5)
[0226/220246.997:ERROR:process_reader_win.cc(151)] SuspendThread: Отказано в доступе. (0x5)
[0226/220246.997:ERROR:process_reader_win.cc(151)] SuspendThread: Отказано в доступе. (0x5)
[0226/220246.997:ERROR:process_reader_win.cc(151)] SuspendThread: Отказано в доступе. (0x5)
[0226/220246.997:ERROR:process_reader_win.cc(151)] SuspendThread: Отказано в доступе. (0x5)
[0226/220246.998:ERROR:process_reader_win.cc(123)] NtOpenThread: {Отказано в доступе} Процесс запросил доступ к объекту, но права на доступ не предоставлены. (0xc0000022)
[0226/220246.998:ERROR:exception_snapshot_win.cc(98)] thread ID 20196 not found in process
[0226/225029.961:ERROR:process_reader_win.cc(123)] NtOpenThread: {Отказано в доступе} Процесс запросил доступ к объекту, но права на доступ не предоставлены. (0xc0000022)
[0226/225029.962:ERROR:exception_snapshot_win.cc(98)] thread ID 18184 not found in process
[0226/225029.996:ERROR:process_reader_win.cc(151)] SuspendThread: Отказано в доступе. (0x5)
[0226/225029.996:ERROR:process_reader_win.cc(151)] SuspendThread: Отказано в доступе. (0x5)
[0226/225029.996:ERROR:process_reader_win.cc(151)] SuspendThread: Отказано в доступе. (0x5)
[0226/225029.996:ERROR:process_reader_win.cc(123)] NtOpenThread: {Отказано в доступе} Процесс запросил доступ к объекту, но права на доступ не предоставлены. (0xc0000022)
[0226/225029.996:ERROR:exception_snapshot_win.cc(98)] thread ID 10704 not found in process
[0226/232302.788:ERROR:process_reader_win.cc(123)] NtOpenThread: {Отказано в доступе} Процесс запросил доступ к объекту, но права на доступ не предоставлены. (0xc0000022)
[0226/232302.791:ERROR:exception_snapshot_win.cc(98)] thread ID 20376 not found in process
[0226/232302.811:ERROR:process_reader_win.cc(151)] SuspendThread: Отказано в доступе. (0x5)
[0226/232302.811:ERROR:process_reader_win.cc(151)] SuspendThread: Отказано в доступе. (0x5)
[0226/232302.811:ERROR:process_reader_win.cc(123)] NtOpenThread: {Отказано в доступе} Процесс запросил доступ к объекту, но права на доступ не предоставлены. (0xc0000022)
[0226/232302.811:ERROR:exception_snapshot_win.cc(98)] thread ID 3484 not found in process
[0226/232302.837:ERROR:process_reader_win.cc(151)] SuspendThread: Отказано в доступе. (0x5)
[0226/232302.837:ERROR:process_reader_win.cc(151)] SuspendThread: Отказано в доступе. (0x5)
[0226/232302.837:ERROR:process_reader_win.cc(151)] SuspendThread: Отказано в доступе. (0x5)
[0226/232302.837:ERROR:process_reader_win.cc(123)] NtOpenThread: {Отказано в доступе} Процесс запросил доступ к объекту, но права на доступ не предоставлены. (0xc0000022)
[0226/232302.837:ERROR:exception_snapshot_win.cc(98)] thread ID 2056 not found in process
[0226/232404.124:ERROR:process_reader_win.cc(123)] NtOpenThread: {Отказано в доступе} Процесс запросил доступ к объекту, но права на доступ не предоставлены. (0xc0000022)
[0226/232404.126:ERROR:exception_snapshot_win.cc(98)] thread ID 14636 not found in process
[0226/232404.168:ERROR:process_reader_win.cc(151)] SuspendThread: Отказано в доступе. (0x5)
[0226/232404.168:ERROR:process_reader_win.cc(151)] SuspendThread: Отказано в доступе. (0x5)
[0226/232404.168:ERROR:process_reader_win.cc(151)] SuspendThread: Отказано в доступе. (0x5)
[0226/232404.168:ERROR:process_reader_win.cc(151)] SuspendThread: Отказано в доступе. (0x5)
[0226/232404.168:ERROR:process_reader_win.cc(151)] SuspendThread: Отказано в доступе. (0x5)
[0226/232404.168:ERROR:process_reader_win.cc(151)] SuspendThread: Отказано в доступе. (0x5)
[0226/232404.168:ERROR:process_reader_win.cc(151)] SuspendThread: Отказано в доступе. (0x5)
[0226/232404.168:ERROR:process_reader_win.cc(151)] SuspendThread: Отказано в доступе. (0x5)
[0226/232404.168:ERROR:process_reader_win.cc(151)] SuspendThread: Отказано в доступе. (0x5)
[0226/232404.168:ERROR:process_reader_win.cc(151)] SuspendThread: Отказано в доступе. (0x5)
[0226/232404.168:ERROR:process_reader_win.cc(151)] SuspendThread: Отказано в доступе. (0x5)
[0226/232404.168:ERROR:process_reader_win.cc(151)] SuspendThread: Отказано в доступе. (0x5)
[0226/232404.168:ERROR:process_reader_win.cc(151)] SuspendThread: Отказано в доступе. (0x5)
[0226/232404.168:ERROR:process_reader_win.cc(151)] SuspendThread: Отказано в доступе. (0x5)
[0226/232404.168:ERROR:process_reader_win.cc(151)] SuspendThread: Отказано в доступе. (0x5)
[0226/232404.168:ERROR:process_reader_win.cc(151)] SuspendThread: Отказано в доступе. (0x5)
[0226/232404.168:ERROR:process_reader_win.cc(151)] SuspendThread: Отказано в доступе. (0x5)
[0226/232404.168:ERROR:process_reader_win.cc(151)] SuspendThread: Отказано в доступе. (0x5)
[0226/232404.168:ERROR:process_reader_win.cc(151)] SuspendThread: Отказано в доступе. (0x5)
[0226/232404.168:ERROR:process_reader_win.cc(151)] SuspendThread: Отказано в доступе. (0x5)
[0226/232404.168:ERROR:process_reader_win.cc(151)] SuspendThread: Отказано в доступе. (0x5)
[0226/232404.168:ERROR:process_reader_win.cc(151)] SuspendThread: Отказано в доступе. (0x5)
[0226/232404.168:ERROR:process_reader_win.cc(151)] SuspendThread: Отказано в доступе. (0x5)
[0226/232404.168:ERROR:process_reader_win.cc(151)] SuspendThread: Отказано в доступе. (0x5)
[0226/232404.168:ERROR:process_reader_win.cc(151)] SuspendThread: Отказано в доступе. (0x5)
[0226/232404.168:ERROR:process_reader_win.cc(151)] SuspendThread: Отказано в доступе. (0x5)
[0226/232404.168:ERROR:process_reader_win.cc(151)] SuspendThread: Отказано в доступе. (0x5)
[0226/232404.168:ERROR:process_reader_win.cc(151)] SuspendThread: Отказано в доступе. (0x5)
[0226/232404.168:ERROR:process_reader_win.cc(151)] SuspendThread: Отказано в доступе. (0x5)
[0226/232404.169:ERROR:process_reader_win.cc(151)] SuspendThread: Отказано в доступе. (0x5)
[0226/232404.169:ERROR:process_reader_win.cc(151)] SuspendThread: Отказано в доступе. (0x5)
[0226/232404.169:ERROR:process_reader_win.cc(151)] SuspendThread: Отказано в доступе. (0x5)
[0226/232404.169:ERROR:process_reader_win.cc(151)] SuspendThread: Отказано в доступе. (0x5)
[0226/232404.169:ERROR:process_reader_win.cc(151)] SuspendThread: Отказано в доступе. (0x5)
[0226/232404.169:ERROR:process_reader_win.cc(151)] SuspendThread: Отказано в доступе. (0x5)
[0226/232404.169:ERROR:process_reader_win.cc(123)] NtOpenThread: {Отказано в доступе} Процесс запросил доступ к объекту, но права на доступ не предоставлены. (0xc0000022)
[0226/232404.169:ERROR:exception_snapshot_win.cc(98)] thread ID 15532 not found in process
[0226/232655.222:ERROR:process_reader_win.cc(123)] NtOpenThread: {Отказано в доступе} Процесс запросил доступ к объекту, но права на доступ не предоставлены. (0xc0000022)
[0226/232655.223:ERROR:exception_snapshot_win.cc(98)] thread ID 9436 not found in process
[0226/232655.246:ERROR:process_reader_win.cc(151)] SuspendThread: Отказано в доступе. (0x5)
[0226/232655.246:ERROR:process_reader_win.cc(151)] SuspendThread: Отказано в доступе. (0x5)
[0226/232655.246:ERROR:process_reader_win.cc(123)] NtOpenThread: {Отказано в доступе} Процесс запросил доступ к объекту, но права на доступ не предоставлены. (0xc0000022)
[0226/232655.246:ERROR:exception_snapshot_win.cc(98)] thread ID 19712 not found in process
[0226/232655.276:ERROR:process_reader_win.cc(151)] SuspendThread: Отказано в доступе. (0x5)
[0226/232655.276:ERROR:process_reader_win.cc(151)] SuspendThread: Отказано в доступе. (0x5)
[0226/232655.276:ERROR:process_reader_win.cc(123)] NtOpenThread: {Отказано в доступе} Процесс запросил доступ к объекту, но права на доступ не предоставлены. (0xc0000022)
[0226/232655.276:ERROR:exception_snapshot_win.cc(98)] thread ID 18800 not found in process
[0226/232757.032:ERROR:process_reader_win.cc(123)] NtOpenThread: {Отказано в доступе} Процесс запросил доступ к объекту, но права на доступ не предоставлены. (0xc0000022)
[0226/232757.033:ERROR:exception_snapshot_win.cc(98)] thread ID 5988 not found in process
[0226/232757.066:ERROR:process_reader_win.cc(151)] SuspendThread: Отказано в доступе. (0x5)
[0226/232757.066:ERROR:process_reader_win.cc(151)] SuspendThread: Отказано в доступе. (0x5)
[0226/232757.066:ERROR:process_reader_win.cc(151)] SuspendThread: Отказано в доступе. (0x5)
[0226/232757.066:ERROR:process_reader_win.cc(151)] SuspendThread: Отказано в доступе. (0x5)
[0226/232757.066:ERROR:process_reader_win.cc(151)] SuspendThread: Отказано в доступе. (0x5)
[0226/232757.066:ERROR:process_reader_win.cc(123)] NtOpenThread: {Отказано в доступе} Процесс запросил доступ к объекту, но права на доступ не предоставлены. (0xc0000022)
[0226/232757.066:ERROR:exception_snapshot_win.cc(98)] thread ID 16484 not found in process
[0226/232815.168:ERROR:process_reader_win.cc(123)] NtOpenThread: {Отказано в доступе} Процесс запросил доступ к объекту, но права на доступ не предоставлены. (0xc0000022)
[0226/232815.169:ERROR:exception_snapshot_win.cc(98)] thread ID 8796 not found in process
[0226/232815.189:ERROR:process_reader_win.cc(123)] NtOpenThread: {Отказано в доступе} Процесс запросил доступ к объекту, но права на доступ не предоставлены. (0xc0000022)
[0226/232815.189:ERROR:exception_snapshot_win.cc(98)] thread ID 19748 not found in process
[0226/232815.255:ERROR:process_reader_win.cc(151)] SuspendThread: Отказано в доступе. (0x5)
[0226/232815.256:ERROR:process_reader_win.cc(151)] SuspendThread: Отказано в доступе. (0x5)
[0226/232815.256:ERROR:process_reader_win.cc(151)] SuspendThread: Отказано в доступе. (0x5)
[0226/232815.256:ERROR:process_reader_win.cc(151)] SuspendThread: Отказано в доступе. (0x5)
[0226/232815.256:ERROR:process_reader_win.cc(123)] NtOpenThread: {Отказано в доступе} Процесс запросил доступ к объекту, но права на доступ не предоставлены. (0xc0000022)
[0226/232815.256:ERROR:exception_snapshot_win.cc(98)] thread ID 12780 not found in process
[0226/233610.906:ERROR:process_reader_win.cc(123)] NtOpenThread: {Отказано в доступе} Процесс запросил доступ к объекту, но права на доступ не предоставлены. (0xc0000022)
[0226/233610.906:ERROR:exception_snapshot_win.cc(98)] thread ID 15928 not found in process
[0226/233610.944:ERROR:process_reader_win.cc(151)] SuspendThread: Отказано в доступе. (0x5)
[0226/233610.944:ERROR:process_reader_win.cc(151)] SuspendThread: Отказано в доступе. (0x5)
[0226/233610.944:ERROR:process_reader_win.cc(151)] SuspendThread: Отказано в доступе. (0x5)
[0226/233610.944:ERROR:process_reader_win.cc(151)] SuspendThread: Отказано в доступе. (0x5)
[0226/233610.944:ERROR:process_reader_win.cc(123)] NtOpenThread: {Отказано в доступе} Процесс запросил доступ к объекту, но права на доступ не предоставлены. (0xc0000022)
[0226/233610.944:ERROR:exception_snapshot_win.cc(98)] thread ID 20324 not found in process
[0226/233646.946:ERROR:process_reader_win.cc(123)] NtOpenThread: {Отказано в доступе} Процесс запросил доступ к объекту, но права на доступ не предоставлены. (0xc0000022)
[0226/233646.947:ERROR:exception_snapshot_win.cc(98)] thread ID 15976 not found in process
[0226/233646.964:ERROR:process_reader_win.cc(151)] SuspendThread: Отказано в доступе. (0x5)
[0226/233646.964:ERROR:process_reader_win.cc(151)] SuspendThread: Отказано в доступе. (0x5)
[0226/233646.964:ERROR:process_reader_win.cc(123)] NtOpenThread: {Отказано в доступе} Процесс запросил доступ к объекту, но права на доступ не предоставлены. (0xc0000022)
[0226/233646.964:ERROR:exception_snapshot_win.cc(98)] thread ID 19640 not found in process
[0226/233646.987:ERROR:process_reader_win.cc(151)] SuspendThread: Отказано в доступе. (0x5)
[0226/233646.987:ERROR:process_reader_win.cc(151)] SuspendThread: Отказано в доступе. (0x5)
[0226/233646.987:ERROR:process_reader_win.cc(123)] NtOpenThread: {Отказано в доступе} Процесс запросил доступ к объекту, но права на доступ не предоставлены. (0xc0000022)
[0226/233646.987:ERROR:exception_snapshot_win.cc(98)] thread ID 17964 not found in process
[0226/233736.063:ERROR:process_reader_win.cc(123)] NtOpenThread: {Отказано в доступе} Процесс запросил доступ к объекту, но права на доступ не предоставлены. (0xc0000022)
[0226/233736.064:ERROR:exception_snapshot_win.cc(98)] thread ID 3896 not found in process
[0226/233736.084:ERROR:process_reader_win.cc(123)] NtOpenThread: {Отказано в доступе} Процесс запросил доступ к объекту, но права на доступ не предоставлены. (0xc0000022)
[0226/233736.085:ERROR:exception_snapshot_win.cc(98)] thread ID 3200 not found in process
[0226/233736.102:ERROR:process_reader_win.cc(123)] NtOpenThread: {Отказано в доступе} Процесс запросил доступ к объекту, но права на доступ не предоставлены. (0xc0000022)
[0226/233736.102:ERROR:exception_snapshot_win.cc(98)] thread ID 19340 not found in process
[0226/233736.136:ERROR:process_reader_win.cc(123)] NtOpenThread: {Отказано в доступе} Процесс запросил доступ к объекту, но права на доступ не предоставлены. (0xc0000022)
[0226/233736.136:ERROR:exception_snapshot_win.cc(98)] thread ID 18788 not found in process
[0226/234025.998:ERROR:process_reader_win.cc(151)] SuspendThread: Отказано в доступе. (0x5)
[0226/234025.999:ERROR:process_reader_win.cc(151)] SuspendThread: Отказано в доступе. (0x5)
[0226/234025.999:ERROR:process_reader_win.cc(123)] NtOpenThread: {Отказано в доступе} Процесс запросил доступ к объекту, но права на доступ не предоставлены. (0xc0000022)
[0226/234025.999:ERROR:exception_snapshot_win.cc(98)] thread ID 11628 not found in process
[0226/234026.035:ERROR:process_reader_win.cc(123)] NtOpenThread: {Отказано в доступе} Процесс запросил доступ к объекту, но права на доступ не предоставлены. (0xc0000022)
[0226/234026.035:ERROR:exception_snapshot_win.cc(98)] thread ID 18812 not found in process
[0226/234128.254:ERROR:process_reader_win.cc(123)] NtOpenThread: {Отказано в доступе} Процесс запросил доступ к объекту, но права на доступ не предоставлены. (0xc0000022)
[0226/234128.254:ERROR:exception_snapshot_win.cc(98)] thread ID 21028 not found in process
[0226/234128.302:ERROR:process_reader_win.cc(151)] SuspendThread: Отказано в доступе. (0x5)
[0226/234128.302:ERROR:process_reader_win.cc(151)] SuspendThread: Отказано в доступе. (0x5)
[0226/234128.302:ERROR:process_reader_win.cc(151)] SuspendThread: Отказано в доступе. (0x5)
[0226/234128.302:ERROR:process_reader_win.cc(123)] NtOpenThread: {Отказано в доступе} Процесс запросил доступ к объекту, но права на доступ не предоставлены. (0xc0000022)
[0226/234128.302:ERROR:exception_snapshot_win.cc(98)] thread ID 21036 not found in process
[0226/234128.324:ERROR:process_reader_win.cc(151)] SuspendThread: Отказано в доступе. (0x5)
[0226/234128.325:ERROR:process_reader_win.cc(151)] SuspendThread: Отказано в доступе. (0x5)
[0226/234128.325:ERROR:process_reader_win.cc(123)] NtOpenThread: {Отказано в доступе} Процесс запросил доступ к объекту, но права на доступ не предоставлены. (0xc0000022)
[0226/234128.325:ERROR:exception_snapshot_win.cc(98)] thread ID 21056 not found in process
[0226/234128.353:ERROR:process_reader_win.cc(123)] NtOpenThread: {Отказано в доступе} Процесс запросил доступ к объекту, но права на доступ не предоставлены. (0xc0000022)
[0226/234128.353:ERROR:exception_snapshot_win.cc(98)] thread ID 21060 not found in process
[0226/234359.934:ERROR:process_reader_win.cc(151)] SuspendThread: Отказано в доступе. (0x5)
[0226/234359.935:ERROR:process_reader_win.cc(123)] NtOpenThread: {Отказано в доступе} Процесс запросил доступ к объекту, но права на доступ не предоставлены. (0xc0000022)
[0226/234359.935:ERROR:exception_snapshot_win.cc(98)] thread ID 20700 not found in process
[0226/234359.970:ERROR:process_reader_win.cc(123)] NtOpenThread: {Отказано в доступе} Процесс запросил доступ к объекту, но права на доступ не предоставлены. (0xc0000022)
[0226/234359.970:ERROR:exception_snapshot_win.cc(98)] thread ID 20624 not found in process
[0226/234449.961:ERROR:process_reader_win.cc(123)] NtOpenThread: {Отказано в доступе} Процесс запросил доступ к объекту, но права на доступ не предоставлены. (0xc0000022)
[0226/234449.961:ERROR:exception_snapshot_win.cc(98)] thread ID 5724 not found in process
[0226/234449.984:ERROR:process_reader_win.cc(123)] NtOpenThread: {Отказано в доступе} Процесс запросил доступ к объекту, но права на доступ не предоставлены. (0xc0000022)
[0226/234449.984:ERROR:exception_snapshot_win.cc(98)] thread ID 18460 not found in process
[0226/234450.043:ERROR:process_reader_win.cc(151)] SuspendThread: Отказано в доступе. (0x5)
[0226/234450.043:ERROR:process_reader_win.cc(123)] NtOpenThread: {Отказано в доступе} Процесс запросил доступ к объекту, но права на доступ не предоставлены. (0xc0000022)
[0226/234450.043:ERROR:exception_snapshot_win.cc(98)] thread ID 18732 not found in process
[0226/234932.015:ERROR:process_reader_win.cc(123)] NtOpenThread: {Отказано в доступе} Процесс запросил доступ к объекту, но права на доступ не предоставлены. (0xc0000022)
[0226/234932.016:ERROR:exception_snapshot_win.cc(98)] thread ID 7032 not found in process
[0226/234932.050:ERROR:process_reader_win.cc(151)] SuspendThread: Отказано в доступе. (0x5)
[0226/234932.050:ERROR:process_reader_win.cc(151)] SuspendThread: Отказано в доступе. (0x5)
[0226/234932.050:ERROR:process_reader_win.cc(151)] SuspendThread: Отказано в доступе. (0x5)
[0226/234932.050:ERROR:process_reader_win.cc(151)] SuspendThread: Отказано в доступе. (0x5)
[0226/234932.050:ERROR:process_reader_win.cc(151)] SuspendThread: Отказано в доступе. (0x5)
[0226/234932.050:ERROR:process_reader_win.cc(151)] SuspendThread: Отказано в доступе. (0x5)
[0226/234932.050:ERROR:process_reader_win.cc(151)] SuspendThread: Отказано в доступе. (0x5)
[0226/234932.050:ERROR:process_reader_win.cc(151)] SuspendThread: Отказано в доступе. (0x5)
[0226/234932.050:ERROR:process_reader_win.cc(151)] SuspendThread: Отказано в доступе. (0x5)
[0226/234932.050:ERROR:process_reader_win.cc(151)] SuspendThread: Отказано в доступе. (0x5)
[0226/234932.051:ERROR:process_reader_win.cc(151)] SuspendThread: Отказано в доступе. (0x5)
[0226/234932.051:ERROR:process_reader_win.cc(151)] SuspendThread: Отказано в доступе. (0x5)
[0226/234932.051:ERROR:process_reader_win.cc(151)] SuspendThread: Отказано в доступе. (0x5)
[0226/234932.051:ERROR:process_reader_win.cc(151)] SuspendThread: Отказано в доступе. (0x5)
[0226/234932.051:ERROR:process_reader_win.cc(151)] SuspendThread: Отказано в доступе. (0x5)
[0226/234932.051:ERROR:process_reader_win.cc(151)] SuspendThread: Отказано в доступе. (0x5)
[0226/234932.051:ERROR:process_reader_win.cc(151)] SuspendThread: Отказано в доступе. (0x5)
[0226/234932.051:ERROR:process_reader_win.cc(151)] SuspendThread: Отказано в доступе. (0x5)
[0226/234932.051:ERROR:process_reader_win.cc(151)] SuspendThread: Отказано в доступе. (0x5)
[0226/234932.051:ERROR:process_reader_win.cc(151)] SuspendThread: Отказано в доступе. (0x5)
[0226/234932.051:ERROR:process_reader_win.cc(151)] SuspendThread: Отказано в доступе. (0x5)
[0226/234932.051:ERROR:process_reader_win.cc(151)] SuspendThread: Отказано в доступе. (0x5)
[0226/234932.051:ERROR:process_reader_win.cc(123)] NtOpenThread: {Отказано в доступе} Процесс запросил доступ к объекту, но права на доступ не предоставлены. (0xc0000022)
[0226/234932.051:ERROR:exception_snapshot_win.cc(98)] thread ID 20860 not found in process
[0226/234952.508:ERROR:process_reader_win.cc(123)] NtOpenThread: {Отказано в доступе} Процесс запросил доступ к объекту, но права на доступ не предоставлены. (0xc0000022)
[0226/234952.509:ERROR:exception_snapshot_win.cc(98)] thread ID 12384 not found in process
[0226/234952.530:ERROR:process_reader_win.cc(151)] SuspendThread: Отказано в доступе. (0x5)
[0226/234952.531:ERROR:process_reader_win.cc(123)] NtOpenThread: {Отказано в доступе} Процесс запросил доступ к объекту, но права на доступ не предоставлены. (0xc0000022)
[0226/234952.531:ERROR:exception_snapshot_win.cc(98)] thread ID 17292 not found in process
[0226/234952.582:ERROR:process_reader_win.cc(123)] NtOpenThread: {Отказано в доступе} Процесс запросил доступ к объекту, но права на доступ не предоставлены. (0xc0000022)
[0226/234952.582:ERROR:exception_snapshot_win.cc(98)] thread ID 20048 not found in process
[0226/235037.304:ERROR:process_reader_win.cc(123)] NtOpenThread: {Отказано в доступе} Процесс запросил доступ к объекту, но права на доступ не предоставлены. (0xc0000022)
[0226/235037.304:ERROR:exception_snapshot_win.cc(98)] thread ID 21420 not found in process
[0226/235037.328:ERROR:process_reader_win.cc(151)] SuspendThread: Отказано в доступе. (0x5)
[0226/235037.329:ERROR:process_reader_win.cc(123)] NtOpenThread: {Отказано в доступе} Процесс запросил доступ к объекту, но права на доступ не предоставлены. (0xc0000022)
[0226/235037.329:ERROR:exception_snapshot_win.cc(98)] thread ID 20868 not found in process
[0226/235037.358:ERROR:process_reader_win.cc(123)] NtOpenThread: {Отказано в доступе} Процесс запросил доступ к объекту, но права на доступ не предоставлены. (0xc0000022)
[0226/235037.358:ERROR:exception_snapshot_win.cc(98)] thread ID 13212 not found in process
[0226/235037.394:ERROR:process_reader_win.cc(151)] SuspendThread: Отказано в доступе. (0x5)
[0226/235037.394:ERROR:process_reader_win.cc(123)] NtOpenThread: {Отказано в доступе} Процесс запросил доступ к объекту, но права на доступ не предоставлены. (0xc0000022)
[0226/235037.394:ERROR:exception_snapshot_win.cc(98)] thread ID 17596 not found in process
[0226/235037.427:ERROR:process_reader_win.cc(151)] SuspendThread: Отказано в доступе. (0x5)
[0226/235037.428:ERROR:process_reader_win.cc(151)] SuspendThread: Отказано в доступе. (0x5)
[0226/235037.428:ERROR:process_reader_win.cc(151)] SuspendThread: Отказано в доступе. (0x5)
[0226/235037.428:ERROR:process_reader_win.cc(151)] SuspendThread: Отказано в доступе. (0x5)
[0226/235037.428:ERROR:process_reader_win.cc(151)] SuspendThread: Отказано в доступе. (0x5)
[0226/235037.428:ERROR:process_reader_win.cc(151)] SuspendThread: Отказано в доступе. (0x5)
[0226/235037.428:ERROR:process_reader_win.cc(151)] SuspendThread: Отказано в доступе. (0x5)
[0226/235037.428:ERROR:process_reader_win.cc(151)] SuspendThread: Отказано в доступе. (0x5)
[0226/235037.428:ERROR:process_reader_win.cc(151)] SuspendThread: Отказано в доступе. (0x5)
[0226/235037.428:ERROR:process_reader_win.cc(151)] SuspendThread: Отказано в доступе. (0x5)
[0226/235037.428:ERROR:process_reader_win.cc(151)] SuspendThread: Отказано в доступе. (0x5)
[0226/235037.428:ERROR:process_reader_win.cc(151)] SuspendThread: Отказано в доступе. (0x5)
[0226/235037.428:ERROR:process_reader_win.cc(151)] SuspendThread: Отказано в доступе. (0x5)
[0226/235037.428:ERROR:process_reader_win.cc(151)] SuspendThread: Отказано в доступе. (0x5)
[0226/235037.428:ERROR:process_reader_win.cc(151)] SuspendThread: Отказано в доступе. (0x5)
[0226/235037.428:ERROR:process_reader_win.cc(151)] SuspendThread: Отказано в доступе. (0x5)
[0226/235037.428:ERROR:process_reader_win.cc(151)] SuspendThread: Отказано в доступе. (0x5)
[0226/235037.428:ERROR:process_reader_win.cc(151)] SuspendThread: Отказано в доступе. (0x5)
[0226/235037.428:ERROR:process_reader_win.cc(151)] SuspendThread: Отказано в доступе. (0x5)
[0226/235037.428:ERROR:process_reader_win.cc(123)] NtOpenThread: {Отказано в доступе} Процесс запросил доступ к объекту, но права на доступ не предоставлены. (0xc0000022)
[0226/235037.428:ERROR:exception_snapshot_win.cc(98)] thread ID 18164 not found in process
[0226/235153.280:ERROR:process_reader_win.cc(123)] NtOpenThread: {Отказано в доступе} Процесс запросил доступ к объекту, но права на доступ не предоставлены. (0xc0000022)
[0226/235153.281:ERROR:exception_snapshot_win.cc(98)] thread ID 20164 not found in process
[0226/235153.309:ERROR:process_reader_win.cc(151)] SuspendThread: Отказано в доступе. (0x5)
[0226/235153.309:ERROR:process_reader_win.cc(151)] SuspendThread: Отказано в доступе. (0x5)
[0226/235153.309:ERROR:process_reader_win.cc(151)] SuspendThread: Отказано в доступе. (0x5)
[0226/235153.309:ERROR:process_reader_win.cc(151)] SuspendThread: Отказано в доступе. (0x5)
[0226/235153.309:ERROR:process_reader_win.cc(151)] SuspendThread: Отказано в доступе. (0x5)
[0226/235153.309:ERROR:process_reader_win.cc(151)] SuspendThread: Отказано в доступе. (0x5)
[0226/235153.309:ERROR:process_reader_win.cc(151)] SuspendThread: Отказано в доступе. (0x5)
[0226/235153.309:ERROR:process_reader_win.cc(151)] SuspendThread: Отказано в доступе. (0x5)
[0226/235153.309:ERROR:process_reader_win.cc(151)] SuspendThread: Отказано в доступе. (0x5)
[0226/235153.309:ERROR:process_reader_win.cc(151)] SuspendThread: Отказано в доступе. (0x5)
[0226/235153.309:ERROR:process_reader_win.cc(151)] SuspendThread: Отказано в доступе. (0x5)
[0226/235153.309:ERROR:process_reader_win.cc(151)] SuspendThread: Отказано в доступе. (0x5)
[0226/235153.309:ERROR:process_reader_win.cc(151)] SuspendThread: Отказано в доступе. (0x5)
[0226/235153.309:ERROR:process_reader_win.cc(151)] SuspendThread: Отказано в доступе. (0x5)
[0226/235153.309:ERROR:process_reader_win.cc(151)] SuspendThread: Отказано в доступе. (0x5)
[0226/235153.309:ERROR:process_reader_win.cc(151)] SuspendThread: Отказано в доступе. (0x5)
[0226/235153.309:ERROR:process_reader_win.cc(151)] SuspendThread: Отказано в доступе. (0x5)
[0226/235153.309:ERROR:process_reader_win.cc(151)] SuspendThread: Отказано в доступе. (0x5)
[0226/235153.309:ERROR:process_reader_win.cc(151)] SuspendThread: Отказано в доступе. (0x5)
[0226/235153.310:ERROR:process_reader_win.cc(151)] SuspendThread: Отказано в доступе. (0x5)
[0226/235153.310:ERROR:process_reader_win.cc(151)] SuspendThread: Отказано в доступе. (0x5)
[0226/235153.310:ERROR:process_reader_win.cc(151)] SuspendThread: Отказано в доступе. (0x5)
[0226/235153.310:ERROR:process_reader_win.cc(151)] SuspendThread: Отказано в доступе. (0x5)
[0226/235153.310:ERROR:process_reader_win.cc(151)] SuspendThread: Отказано в доступе. (0x5)
[0226/235153.310:ERROR:process_reader_win.cc(151)] SuspendThread: Отказано в доступе. (0x5)
[0226/235153.310:ERROR:process_reader_win.cc(151)] SuspendThread: Отказано в доступе. (0x5)
[0226/235153.310:ERROR:process_reader_win.cc(151)] SuspendThread: Отказано в доступе. (0x5)
[0226/235153.310:ERROR:process_reader_win.cc(151)] SuspendThread: Отказано в доступе. (0x5)
[0226/235153.310:ERROR:process_reader_win.cc(123)] NtOpenThread: {Отказано в доступе} Процесс запросил доступ к объекту, но права на доступ не предоставлены. (0xc0000022)
[0226/235153.310:ERROR:exception_snapshot_win.cc(98)] thread ID 19360 not found in process
[0226/235153.343:ERROR:process_reader_win.cc(151)] SuspendThread: Отказано в доступе. (0x5)
[0226/235153.343:ERROR:process_reader_win.cc(151)] SuspendThread: Отказано в доступе. (0x5)
[0226/235153.343:ERROR:process_reader_win.cc(123)] NtOpenThread: {Отказано в доступе} Процесс запросил доступ к объекту, но права на доступ не предоставлены. (0xc0000022)
[0226/235153.343:ERROR:exception_snapshot_win.cc(98)] thread ID 20264 not found in process
[0226/235153.376:ERROR:process_reader_win.cc(151)] SuspendThread: Отказано в доступе. (0x5)
[0226/235153.376:ERROR:process_reader_win.cc(151)] SuspendThread: Отказано в доступе. (0x5)
[0226/235153.376:ERROR:process_reader_win.cc(151)] SuspendThread: Отказано в доступе. (0x5)
[0226/235153.376:ERROR:process_reader_win.cc(151)] SuspendThread: Отказано в доступе. (0x5)
[0226/235153.376:ERROR:process_reader_win.cc(123)] NtOpenThread: {Отказано в доступе} Процесс запросил доступ к объекту, но права на доступ не предоставлены. (0xc0000022)
[0226/235153.376:ERROR:exception_snapshot_win.cc(98)] thread ID 19984 not found in process
[0226/235240.535:ERROR:process_reader_win.cc(123)] NtOpenThread: {Отказано в доступе} Процесс запросил доступ к объекту, но права на доступ не предоставлены. (0xc0000022)
[0226/235240.537:ERROR:exception_snapshot_win.cc(98)] thread ID 20232 not found in process
[0226/235240.578:ERROR:process_reader_win.cc(151)] SuspendThread: Отказано в доступе. (0x5)
[0226/235240.578:ERROR:process_reader_win.cc(151)] SuspendThread: Отказано в доступе. (0x5)
[0226/235240.578:ERROR:process_reader_win.cc(151)] SuspendThread: Отказано в доступе. (0x5)
[0226/235240.578:ERROR:process_reader_win.cc(151)] SuspendThread: Отказано в доступе. (0x5)
[0226/235240.578:ERROR:process_reader_win.cc(151)] SuspendThread: Отказано в доступе. (0x5)
[0226/235240.578:ERROR:process_reader_win.cc(151)] SuspendThread: Отказано в доступе. (0x5)
[0226/235240.578:ERROR:process_reader_win.cc(151)] SuspendThread: Отказано в доступе. (0x5)
[0226/235240.578:ERROR:process_reader_win.cc(151)] SuspendThread: Отказано в доступе. (0x5)
[0226/235240.578:ERROR:process_reader_win.cc(151)] SuspendThread: Отказано в доступе. (0x5)
[0226/235240.578:ERROR:process_reader_win.cc(151)] SuspendThread: Отказано в доступе. (0x5)
[0226/235240.578:ERROR:process_reader_win.cc(151)] SuspendThread: Отказано в доступе. (0x5)
[0226/235240.578:ERROR:process_reader_win.cc(151)] SuspendThread: Отказано в доступе. (0x5)
[0226/235240.578:ERROR:process_reader_win.cc(151)] SuspendThread: Отказано в доступе. (0x5)
[0226/235240.578:ERROR:process_reader_win.cc(151)] SuspendThread: Отказано в доступе. (0x5)
[0226/235240.578:ERROR:process_reader_win.cc(151)] SuspendThread: Отказано в доступе. (0x5)
[0226/235240.578:ERROR:process_reader_win.cc(151)] SuspendThread: Отказано в доступе. (0x5)
[0226/235240.578:ERROR:process_reader_win.cc(151)] SuspendThread: Отказано в доступе. (0x5)
[0226/235240.578:ERROR:process_reader_win.cc(151)] SuspendThread: Отказано в доступе. (0x5)
[0226/235240.578:ERROR:process_reader_win.cc(151)] SuspendThread: Отказано в доступе. (0x5)
[0226/235240.578:ERROR:process_reader_win.cc(151)] SuspendThread: Отказано в доступе. (0x5)
[0226/235240.578:ERROR:process_reader_win.cc(151)] SuspendThread: Отказано в доступе. (0x5)
[0226/235240.578:ERROR:process_reader_win.cc(151)] SuspendThread: Отказано в доступе. (0x5)
[0226/235240.578:ERROR:process_reader_win.cc(151)] SuspendThread: Отказано в доступе. (0x5)
[0226/235240.578:ERROR:process_reader_win.cc(151)] SuspendThread: Отказано в доступе. (0x5)
[0226/235240.578:ERROR:process_reader_win.cc(151)] SuspendThread: Отказано в доступе. (0x5)
[0226/235240.578:ERROR:process_reader_win.cc(151)] SuspendThread: Отказано в доступе. (0x5)
[0226/235240.578:ERROR:process_reader_win.cc(151)] SuspendThread: Отказано в доступе. (0x5)
[0226/235240.578:ERROR:process_reader_win.cc(151)] SuspendThread: Отказано в доступе. (0x5)
[0226/235240.578:ERROR:process_reader_win.cc(151)] SuspendThread: Отказано в доступе. (0x5)
[0226/235240.578:ERROR:process_reader_win.cc(151)] SuspendThread: Отказано в доступе. (0x5)
[0226/235240.595:ERROR:process_reader_win.cc(151)] SuspendThread: Отказано в доступе. (0x5)
[0226/235240.595:ERROR:process_reader_win.cc(151)] SuspendThread: Отказано в доступе. (0x5)
[0226/235240.595:ERROR:process_reader_win.cc(151)] SuspendThread: Отказано в доступе. (0x5)
[0226/235240.595:ERROR:process_reader_win.cc(151)] SuspendThread: Отказано в доступе. (0x5)
[0226/235240.595:ERROR:process_reader_win.cc(151)] SuspendThread: Отказано в доступе. (0x5)
[0226/235240.595:ERROR:process_reader_win.cc(151)] SuspendThread: Отказано в доступе. (0x5)
[0226/235240.596:ERROR:process_reader_win.cc(123)] NtOpenThread: {Отказано в доступе} Процесс запросил доступ к объекту, но права на доступ не предоставлены. (0xc0000022)
[0226/235240.596:ERROR:exception_snapshot_win.cc(98)] thread ID 21404 not found in process
[0226/235240.613:ERROR:process_reader_win.cc(151)] SuspendThread: Отказано в доступе. (0x5)
[0226/235240.614:ERROR:process_reader_win.cc(151)] SuspendThread: Отказано в доступе. (0x5)
[0226/235240.614:ERROR:process_reader_win.cc(123)] NtOpenThread: {Отказано в доступе} Процесс запросил доступ к объекту, но права на доступ не предоставлены. (0xc0000022)
[0226/235240.614:ERROR:exception_snapshot_win.cc(98)] thread ID 19692 not found in process
[0226/235240.648:ERROR:process_reader_win.cc(151)] SuspendThread: Отказано в доступе. (0x5)
[0226/235240.649:ERROR:process_reader_win.cc(151)] SuspendThread: Отказано в доступе. (0x5)
[0226/235240.649:ERROR:process_reader_win.cc(123)] NtOpenThread: {Отказано в доступе} Процесс запросил доступ к объекту, но права на доступ не предоставлены. (0xc0000022)
[0226/235240.649:ERROR:exception_snapshot_win.cc(98)] thread ID 21084 not found in process
[0226/235555.606:ERROR:process_reader_win.cc(123)] NtOpenThread: {Отказано в доступе} Процесс запросил доступ к объекту, но права на доступ не предоставлены. (0xc0000022)
[0226/235555.606:ERROR:exception_snapshot_win.cc(98)] thread ID 3888 not found in process
[0226/235555.641:ERROR:process_reader_win.cc(151)] SuspendThread: Отказано в доступе. (0x5)
[0226/235555.641:ERROR:process_reader_win.cc(151)] SuspendThread: Отказано в доступе. (0x5)
[0226/235555.641:ERROR:process_reader_win.cc(151)] SuspendThread: Отказано в доступе. (0x5)
[0226/235555.641:ERROR:process_reader_win.cc(151)] SuspendThread: Отказано в доступе. (0x5)
[0226/235555.641:ERROR:process_reader_win.cc(151)] SuspendThread: Отказано в доступе. (0x5)
[0226/235555.641:ERROR:process_reader_win.cc(151)] SuspendThread: Отказано в доступе. (0x5)
[0226/235555.641:ERROR:process_reader_win.cc(151)] SuspendThread: Отказано в доступе. (0x5)
[0226/235555.641:ERROR:process_reader_win.cc(151)] SuspendThread: Отказано в доступе. (0x5)
[0226/235555.641:ERROR:process_reader_win.cc(123)] NtOpenThread: {Отказано в доступе} Процесс запросил доступ к объекту, но права на доступ не предоставлены. (0xc0000022)
[0226/235555.641:ERROR:exception_snapshot_win.cc(98)] thread ID 20436 not found in process
